{"/home/atanael/Documentos/githubA3/discord-clone/discord-backend/src/domain/message/useCase/messageService.ts": {"path":"/home/atanael/Documentos/githubA3/discord-clone/discord-backend/src/domain/message/useCase/messageService.ts","statementMap":{"0":{"start":{"line":5,"column":26},"end":{"line":5,"column":49}},"1":{"start":{"line":9,"column":4},"end":{"line":9,"column":60}},"2":{"start":{"line":13,"column":20},"end":{"line":13,"column":32}},"3":{"start":{"line":14,"column":19},"end":{"line":14,"column":38}},"4":{"start":{"line":15,"column":22},"end":{"line":15,"column":44}},"5":{"start":{"line":16,"column":4},"end":{"line":16,"column":70}},"6":{"start":{"line":20,"column":4},"end":{"line":20,"column":60}},"7":{"start":{"line":24,"column":4},"end":{"line":24,"column":39}}},"fnMap":{"0":{"name":"(anonymous_0)","decl":{"start":{"line":8,"column":9},"end":{"line":8,"column":14}},"loc":{"start":{"line":8,"column":45},"end":{"line":10,"column":3}}},"1":{"name":"(anonymous_1)","decl":{"start":{"line":12,"column":9},"end":{"line":12,"column":14}},"loc":{"start":{"line":12,"column":35},"end":{"line":17,"column":3}}},"2":{"name":"(anonymous_2)","decl":{"start":{"line":19,"column":9},"end":{"line":19,"column":14}},"loc":{"start":{"line":19,"column":47},"end":{"line":21,"column":3}}},"3":{"name":"(anonymous_3)","decl":{"start":{"line":23,"column":9},"end":{"line":23,"column":14}},"loc":{"start":{"line":23,"column":32},"end":{"line":25,"column":3}}}},"branchMap":{},"s":{"0":1,"1":1,"2":1,"3":1,"4":1,"5":1,"6":1,"7":1},"f":{"0":1,"1":1,"2":1,"3":1},"b":{}}
}
